<?xml version="1.0" encoding="UTF-8"?>
<!-- Generated by org.testng.reporters.JUnitReportReporter -->
<testsuite skipped="0" hostname="BGM" name="restassured.PostRequestUsingPOJO" tests="1" failures="0" timestamp="2023-02-16T12:30:55 IST" time="2.401" errors="0">
  <testcase name="testPojoPostWithReadAllBytes" time="2.401" classname="restassured.PostRequestUsingPOJO"/>
  <system-out/>
</testsuite> <!-- restassured.PostRequestUsingPOJO -->
