<?xml version="1.0" encoding="UTF-8"?>
<!-- Generated by org.testng.reporters.JUnitReportReporter -->
<testsuite skipped="0" hostname="BGM" name="testcases.HomePageTests" tests="1" failures="0" timestamp="2022-08-27T09:33:23 IST" time="77.440" errors="0">
  <testcase name="verifyTtitleTest" time="77.440" classname="testcases.HomePageTests"/>
  <system-out/>
</testsuite> <!-- testcases.HomePageTests -->
