<?xml version="1.0" encoding="UTF-8"?>
<!-- Generated by org.testng.reporters.JUnitReportReporter -->
<testsuite skipped="0" hostname="BGM" name="testcases.SauseLabsLogin" tests="1" failures="0" timestamp="2022-08-30T18:42:57 IST" time="3.991" errors="0">
  <testcase name="loginTest" time="3.991" classname="testcases.SauseLabsLogin"/>
  <system-out/>
</testsuite> <!-- testcases.SauseLabsLogin -->
